{"name": "test_verify_credkart_url_001", "status": "failed", "statusDetails": {"message": "AssertionError: assert False", "trace": "self = <testcases.test_Credkart_User_Profile.Test_User_Profile object at 0x000002ADD3D5BD90>\n\n    def test_verify_credkart_url_001(self):\n        # self.log.debug(\"This is debug message\")\n        # self.log.info(\"This is info message\")\n        # self.log.warning(\"This is warning message\")\n        # self.log.error(\"This is error message\")\n        # self.log.critical(\"This is critical message\")\n        self.log.info(f\"Verifying credkart url 001 started\")\n        self.driver.maximize_window()\n        self.driver.get(self.login_url)\n        self.log.info(f\"Opening the Browser and getting {self.login_url}\")\n        self.log.info(f\"Checking driver title\")\n        if self.driver.title==\"CredKart\":\n            self.log.info(f\"test case for credkart url 001 is passed\")\n            self.log.info(f\"Taking screenshots\")\n            self.driver.save_screenshot(\".\\\\Screenshots\\\\test_verify_credkart_url_001_Pass.png\")\n        else:\n            self.log.info(f\"test case for credkart url 001 is failed\")\n            self.driver.save_screenshot(\".\\\\Screenshots\\\\test_verify_credkart_url_001_Fail.png\")\n>           assert False\nE           assert False\n\ntestcases\\test_Credkart_User_Profile.py:37: AssertionError"}, "attachments": [{"name": "log", "source": "4e52548c-d2a4-42ea-830b-c1dd9aa571b5-attachment.txt", "type": "text/plain"}, {"name": "stdout", "source": "ccd5e049-0a7a-499e-8fca-0042fb19ceac-attachment.txt", "type": "text/plain"}], "start": 1770992269928, "stop": 1770992272319, "uuid": "b2b39716-b083-40a4-9d0a-67346c91ad7c", "historyId": "ad74221ca8c2416996b54e6d0d839aa4", "testCaseId": "ad74221ca8c2416996b54e6d0d839aa4", "fullName": "testcases.test_Credkart_User_Profile.Test_User_Profile#test_verify_credkart_url_001", "labels": [{"name": "parentSuite", "value": "testcases"}, {"name": "suite", "value": "test_Credkart_User_Profile"}, {"name": "subSuite", "value": "Test_User_Profile"}, {"name": "host", "value": "DESKTOP-ITMDEQK"}, {"name": "thread", "value": "15312-MainThread"}, {"name": "framework", "value": "pytest"}, {"name": "language", "value": "cpython3"}, {"name": "package", "value": "testcases.test_Credkart_User_Profile"}], "titlePath": ["testcases", "test_Credkart_User_Profile.py", "Test_User_Profile"]}